{"/Users/bin.gurung/Desktop/Demo/Eduvanz/Assignment_RN/App.js": {"path":"/Users/bin.gurung/Desktop/Demo/Eduvanz/Assignment_RN/App.js","statementMap":{"0":{"start":{"line":12,"column":4},"end":{"line":12,"column":17}},"1":{"start":{"line":13,"column":4},"end":{"line":15,"column":6}},"2":{"start":{"line":19,"column":4},"end":{"line":31,"column":6}},"3":{"start":{"line":25,"column":25},"end":{"line":25,"column":58}},"4":{"start":{"line":28,"column":40},"end":{"line":28,"column":72}},"5":{"start":{"line":32,"column":4},"end":{"line":38,"column":9}},"6":{"start":{"line":34,"column":8},"end":{"line":34,"column":28}},"7":{"start":{"line":37,"column":8},"end":{"line":37,"column":27}},"8":{"start":{"line":42,"column":4},"end":{"line":46,"column":6}}},"fnMap":{"0":{"name":"(anonymous_0)","decl":{"start":{"line":11,"column":2},"end":{"line":11,"column":3}},"loc":{"start":{"line":11,"column":21},"end":{"line":16,"column":3}},"line":11},"1":{"name":"(anonymous_1)","decl":{"start":{"line":18,"column":2},"end":{"line":18,"column":3}},"loc":{"start":{"line":18,"column":22},"end":{"line":39,"column":3}},"line":18},"2":{"name":"(anonymous_2)","decl":{"start":{"line":25,"column":19},"end":{"line":25,"column":20}},"loc":{"start":{"line":25,"column":25},"end":{"line":25,"column":58}},"line":25},"3":{"name":"(anonymous_3)","decl":{"start":{"line":28,"column":34},"end":{"line":28,"column":35}},"loc":{"start":{"line":28,"column":40},"end":{"line":28,"column":72}},"line":28},"4":{"name":"(anonymous_4)","decl":{"start":{"line":33,"column":12},"end":{"line":33,"column":13}},"loc":{"start":{"line":33,"column":22},"end":{"line":35,"column":7}},"line":33},"5":{"name":"(anonymous_5)","decl":{"start":{"line":36,"column":13},"end":{"line":36,"column":14}},"loc":{"start":{"line":36,"column":22},"end":{"line":38,"column":7}},"line":36},"6":{"name":"(anonymous_6)","decl":{"start":{"line":41,"column":2},"end":{"line":41,"column":3}},"loc":{"start":{"line":41,"column":11},"end":{"line":47,"column":3}},"line":41}},"branchMap":{},"s":{"0":0,"1":0,"2":0,"3":0,"4":0,"5":0,"6":0,"7":0,"8":0},"f":{"0":0,"1":0,"2":0,"3":0,"4":0,"5":0,"6":0},"b":{},"hash":"86088c3c827226e3b1a43f61f2ce67df9293bab1"}
,"/Users/bin.gurung/Desktop/Demo/Eduvanz/Assignment_RN/app/Eduvanz/AppStackNavigator.js": {"path":"/Users/bin.gurung/Desktop/Demo/Eduvanz/Assignment_RN/app/Eduvanz/AppStackNavigator.js","statementMap":{"0":{"start":{"line":11,"column":15},"end":{"line":11,"column":38}},"1":{"start":{"line":14,"column":4},"end":{"line":35,"column":6}}},"fnMap":{"0":{"name":"AppStackNavigator","decl":{"start":{"line":13,"column":9},"end":{"line":13,"column":26}},"loc":{"start":{"line":13,"column":40},"end":{"line":36,"column":1}},"line":13}},"branchMap":{"0":{"loc":{"start":{"line":25,"column":17},"end":{"line":28,"column":45}},"type":"binary-expr","locations":[{"start":{"line":25,"column":17},"end":{"line":25,"column":24}},{"start":{"line":25,"column":28},"end":{"line":28,"column":45}}],"line":25},"1":{"loc":{"start":{"line":29,"column":17},"end":{"line":32,"column":47}},"type":"binary-expr","locations":[{"start":{"line":29,"column":17},"end":{"line":29,"column":24}},{"start":{"line":29,"column":28},"end":{"line":32,"column":47}}],"line":29}},"s":{"0":0,"1":0},"f":{"0":0},"b":{"0":[0,0],"1":[0,0]},"hash":"a137d5427400db518dc521a4ccaf41a0fa66702c"}
,"/Users/bin.gurung/Desktop/Demo/Eduvanz/Assignment_RN/app/Eduvanz/DetailModelScreen.js": {"path":"/Users/bin.gurung/Desktop/Demo/Eduvanz/Assignment_RN/app/Eduvanz/DetailModelScreen.js","statementMap":{"0":{"start":{"line":10,"column":26},"end":{"line":89,"column":1}},"1":{"start":{"line":12,"column":29},"end":{"line":64,"column":5}},"2":{"start":{"line":13,"column":8},"end":{"line":63,"column":15}},"3":{"start":{"line":65,"column":4},"end":{"line":88,"column":6}},"4":{"start":{"line":79,"column":28},"end":{"line":79,"column":38}},"5":{"start":{"line":91,"column":15},"end":{"line":136,"column":2}}},"fnMap":{"0":{"name":"(anonymous_0)","decl":{"start":{"line":10,"column":26},"end":{"line":10,"column":27}},"loc":{"start":{"line":10,"column":49},"end":{"line":89,"column":1}},"line":10},"1":{"name":"(anonymous_1)","decl":{"start":{"line":12,"column":29},"end":{"line":12,"column":30}},"loc":{"start":{"line":13,"column":8},"end":{"line":63,"column":15}},"line":13},"2":{"name":"(anonymous_2)","decl":{"start":{"line":71,"column":32},"end":{"line":71,"column":33}},"loc":{"start":{"line":71,"column":38},"end":{"line":73,"column":17}},"line":71},"3":{"name":"(anonymous_3)","decl":{"start":{"line":78,"column":33},"end":{"line":78,"column":34}},"loc":{"start":{"line":78,"column":39},"end":{"line":80,"column":25}},"line":78}},"branchMap":{},"s":{"0":0,"1":0,"2":0,"3":0,"4":0,"5":0},"f":{"0":0,"1":0,"2":0,"3":0},"b":{},"hash":"c05116617301fbb847deaa28e2201d43a170f254"}
,"/Users/bin.gurung/Desktop/Demo/Eduvanz/Assignment_RN/app/Eduvanz/ListScreen.js": {"path":"/Users/bin.gurung/Desktop/Demo/Eduvanz/Assignment_RN/app/Eduvanz/ListScreen.js","statementMap":{"0":{"start":{"line":13,"column":8},"end":{"line":13,"column":21}},"1":{"start":{"line":14,"column":8},"end":{"line":21,"column":10}},"2":{"start":{"line":22,"column":8},"end":{"line":24,"column":10}},"3":{"start":{"line":25,"column":8},"end":{"line":28,"column":10}},"4":{"start":{"line":38,"column":17},"end":{"line":49,"column":5}},"5":{"start":{"line":39,"column":22},"end":{"line":39,"column":113}},"6":{"start":{"line":40,"column":8},"end":{"line":48,"column":15}},"7":{"start":{"line":42,"column":16},"end":{"line":42,"column":33}},"8":{"start":{"line":43,"column":16},"end":{"line":43,"column":75}},"9":{"start":{"line":46,"column":16},"end":{"line":46,"column":75}},"10":{"start":{"line":47,"column":16},"end":{"line":47,"column":35}},"11":{"start":{"line":52,"column":8},"end":{"line":79,"column":10}},"12":{"start":{"line":69,"column":24},"end":{"line":75,"column":25}},"13":{"start":{"line":70,"column":28},"end":{"line":70,"column":109}},"14":{"start":{"line":72,"column":28},"end":{"line":74,"column":31}},"15":{"start":{"line":73,"column":32},"end":{"line":73,"column":54}},"16":{"start":{"line":82,"column":21},"end":{"line":106,"column":5}},"17":{"start":{"line":83,"column":36},"end":{"line":83,"column":46}},"18":{"start":{"line":84,"column":8},"end":{"line":105,"column":9}},"19":{"start":{"line":85,"column":12},"end":{"line":102,"column":14}},"20":{"start":{"line":91,"column":28},"end":{"line":96,"column":30}},"21":{"start":{"line":94,"column":36},"end":{"line":94,"column":95}},"22":{"start":{"line":98,"column":46},"end":{"line":98,"column":53}},"23":{"start":{"line":104,"column":12},"end":{"line":104,"column":164}},"24":{"start":{"line":108,"column":21},"end":{"line":113,"column":5}},"25":{"start":{"line":109,"column":8},"end":{"line":112,"column":10}},"26":{"start":{"line":111,"column":27},"end":{"line":111,"column":87}},"27":{"start":{"line":116,"column":8},"end":{"line":128,"column":10}},"28":{"start":{"line":120,"column":39},"end":{"line":120,"column":73}},"29":{"start":{"line":131,"column":15},"end":{"line":151,"column":2}}},"fnMap":{"0":{"name":"(anonymous_0)","decl":{"start":{"line":12,"column":4},"end":{"line":12,"column":5}},"loc":{"start":{"line":12,"column":23},"end":{"line":29,"column":5}},"line":12},"1":{"name":"(anonymous_1)","decl":{"start":{"line":31,"column":4},"end":{"line":31,"column":5}},"loc":{"start":{"line":31,"column":24},"end":{"line":36,"column":5}},"line":31},"2":{"name":"(anonymous_2)","decl":{"start":{"line":38,"column":17},"end":{"line":38,"column":18}},"loc":{"start":{"line":38,"column":27},"end":{"line":49,"column":5}},"line":38},"3":{"name":"(anonymous_3)","decl":{"start":{"line":41,"column":18},"end":{"line":41,"column":19}},"loc":{"start":{"line":41,"column":26},"end":{"line":44,"column":13}},"line":41},"4":{"name":"(anonymous_4)","decl":{"start":{"line":45,"column":19},"end":{"line":45,"column":20}},"loc":{"start":{"line":45,"column":28},"end":{"line":48,"column":13}},"line":45},"5":{"name":"(anonymous_5)","decl":{"start":{"line":51,"column":4},"end":{"line":51,"column":5}},"loc":{"start":{"line":51,"column":23},"end":{"line":80,"column":5}},"line":51},"6":{"name":"(anonymous_6)","decl":{"start":{"line":68,"column":34},"end":{"line":68,"column":35}},"loc":{"start":{"line":68,"column":42},"end":{"line":76,"column":21}},"line":68},"7":{"name":"(anonymous_7)","decl":{"start":{"line":72,"column":81},"end":{"line":72,"column":82}},"loc":{"start":{"line":72,"column":87},"end":{"line":74,"column":29}},"line":72},"8":{"name":"(anonymous_8)","decl":{"start":{"line":82,"column":21},"end":{"line":82,"column":22}},"loc":{"start":{"line":82,"column":27},"end":{"line":106,"column":5}},"line":82},"9":{"name":"(anonymous_9)","decl":{"start":{"line":90,"column":36},"end":{"line":90,"column":37}},"loc":{"start":{"line":91,"column":28},"end":{"line":96,"column":30}},"line":91},"10":{"name":"(anonymous_10)","decl":{"start":{"line":93,"column":41},"end":{"line":93,"column":42}},"loc":{"start":{"line":93,"column":49},"end":{"line":95,"column":33}},"line":93},"11":{"name":"(anonymous_11)","decl":{"start":{"line":98,"column":38},"end":{"line":98,"column":39}},"loc":{"start":{"line":98,"column":46},"end":{"line":98,"column":53}},"line":98},"12":{"name":"(anonymous_12)","decl":{"start":{"line":108,"column":21},"end":{"line":108,"column":22}},"loc":{"start":{"line":109,"column":8},"end":{"line":112,"column":10}},"line":109},"13":{"name":"(anonymous_13)","decl":{"start":{"line":111,"column":21},"end":{"line":111,"column":22}},"loc":{"start":{"line":111,"column":27},"end":{"line":111,"column":87}},"line":111},"14":{"name":"(anonymous_14)","decl":{"start":{"line":115,"column":4},"end":{"line":115,"column":5}},"loc":{"start":{"line":115,"column":13},"end":{"line":129,"column":5}},"line":115},"15":{"name":"(anonymous_15)","decl":{"start":{"line":120,"column":33},"end":{"line":120,"column":34}},"loc":{"start":{"line":120,"column":39},"end":{"line":120,"column":73}},"line":120}},"branchMap":{"0":{"loc":{"start":{"line":69,"column":24},"end":{"line":75,"column":25}},"type":"if","locations":[{"start":{"line":69,"column":24},"end":{"line":75,"column":25}},{"start":{"line":69,"column":24},"end":{"line":75,"column":25}}],"line":69},"1":{"loc":{"start":{"line":84,"column":8},"end":{"line":105,"column":9}},"type":"if","locations":[{"start":{"line":84,"column":8},"end":{"line":105,"column":9}},{"start":{"line":84,"column":8},"end":{"line":105,"column":9}}],"line":84},"2":{"loc":{"start":{"line":84,"column":12},"end":{"line":84,"column":57}},"type":"binary-expr","locations":[{"start":{"line":84,"column":12},"end":{"line":84,"column":27}},{"start":{"line":84,"column":31},"end":{"line":84,"column":57}}],"line":84},"3":{"loc":{"start":{"line":123,"column":21},"end":{"line":123,"column":93}},"type":"binary-expr","locations":[{"start":{"line":123,"column":21},"end":{"line":123,"column":41}},{"start":{"line":123,"column":45},"end":{"line":123,"column":93}}],"line":123},"4":{"loc":{"start":{"line":126,"column":17},"end":{"line":126,"column":67}},"type":"binary-expr","locations":[{"start":{"line":126,"column":17},"end":{"line":126,"column":42}},{"start":{"line":126,"column":46},"end":{"line":126,"column":67}}],"line":126}},"s":{"0":0,"1":0,"2":0,"3":0,"4":0,"5":0,"6":0,"7":0,"8":0,"9":0,"10":0,"11":0,"12":0,"13":0,"14":0,"15":0,"16":0,"17":0,"18":0,"19":0,"20":0,"21":0,"22":0,"23":0,"24":0,"25":0,"26":0,"27":0,"28":0,"29":0},"f":{"0":0,"1":0,"2":0,"3":0,"4":0,"5":0,"6":0,"7":0,"8":0,"9":0,"10":0,"11":0,"12":0,"13":0,"14":0,"15":0},"b":{"0":[0,0],"1":[0,0],"2":[0,0],"3":[0,0],"4":[0,0]},"hash":"ee47de23dfdd6c1b3ecb23fea662b4c0a73f4f5d"}
,"/Users/bin.gurung/Desktop/Demo/Eduvanz/Assignment_RN/app/Eduvanz/RegistrationScreen.js": {"path":"/Users/bin.gurung/Desktop/Demo/Eduvanz/Assignment_RN/app/Eduvanz/RegistrationScreen.js","statementMap":{"0":{"start":{"line":23,"column":19},"end":{"line":31,"column":1}},"1":{"start":{"line":36,"column":8},"end":{"line":36,"column":21}},"2":{"start":{"line":37,"column":8},"end":{"line":47,"column":10}},"3":{"start":{"line":51,"column":8},"end":{"line":57,"column":9}},"4":{"start":{"line":52,"column":12},"end":{"line":56,"column":13}},"5":{"start":{"line":53,"column":16},"end":{"line":53,"column":65}},"6":{"start":{"line":55,"column":16},"end":{"line":55,"column":66}},"7":{"start":{"line":60,"column":17},"end":{"line":67,"column":5}},"8":{"start":{"line":61,"column":8},"end":{"line":65,"column":9}},"9":{"start":{"line":62,"column":12},"end":{"line":64,"column":13}},"10":{"start":{"line":63,"column":16},"end":{"line":63,"column":29}},"11":{"start":{"line":66,"column":8},"end":{"line":66,"column":20}},"12":{"start":{"line":69,"column":27},"end":{"line":82,"column":9}},"13":{"start":{"line":70,"column":8},"end":{"line":82,"column":9}},"14":{"start":{"line":76,"column":35},"end":{"line":76,"column":64}},"15":{"start":{"line":79,"column":45},"end":{"line":79,"column":70}},"16":{"start":{"line":84,"column":22},"end":{"line":118,"column":5}},"17":{"start":{"line":85,"column":8},"end":{"line":117,"column":15}},"18":{"start":{"line":114,"column":20},"end":{"line":114,"column":57}},"19":{"start":{"line":120,"column":28},"end":{"line":147,"column":5}},"20":{"start":{"line":121,"column":27},"end":{"line":121,"column":31}},"21":{"start":{"line":122,"column":28},"end":{"line":122,"column":29}},"22":{"start":{"line":123,"column":8},"end":{"line":129,"column":9}},"23":{"start":{"line":124,"column":12},"end":{"line":124,"column":51}},"24":{"start":{"line":125,"column":12},"end":{"line":125,"column":57}},"25":{"start":{"line":126,"column":15},"end":{"line":129,"column":9}},"26":{"start":{"line":127,"column":12},"end":{"line":127,"column":43}},"27":{"start":{"line":128,"column":12},"end":{"line":128,"column":58}},"28":{"start":{"line":130,"column":8},"end":{"line":146,"column":9}},"29":{"start":{"line":137,"column":24},"end":{"line":137,"column":76}},"30":{"start":{"line":138,"column":24},"end":{"line":142,"column":25}},"31":{"start":{"line":139,"column":28},"end":{"line":139,"column":72}},"32":{"start":{"line":140,"column":31},"end":{"line":142,"column":25}},"33":{"start":{"line":141,"column":28},"end":{"line":141,"column":73}},"34":{"start":{"line":149,"column":23},"end":{"line":177,"column":5}},"35":{"start":{"line":150,"column":8},"end":{"line":176,"column":15}},"36":{"start":{"line":174,"column":42},"end":{"line":174,"column":78}},"37":{"start":{"line":179,"column":22},"end":{"line":193,"column":26}},"38":{"start":{"line":179,"column":29},"end":{"line":193,"column":25}},"39":{"start":{"line":181,"column":12},"end":{"line":185,"column":13}},"40":{"start":{"line":182,"column":16},"end":{"line":182,"column":61}},"41":{"start":{"line":184,"column":16},"end":{"line":184,"column":69}},"42":{"start":{"line":196,"column":8},"end":{"line":219,"column":10}},"43":{"start":{"line":204,"column":39},"end":{"line":204,"column":73}},"44":{"start":{"line":222,"column":15},"end":{"line":245,"column":2}},"45":{"start":{"line":248,"column":4},"end":{"line":250,"column":6}}},"fnMap":{"0":{"name":"(anonymous_0)","decl":{"start":{"line":35,"column":4},"end":{"line":35,"column":5}},"loc":{"start":{"line":35,"column":23},"end":{"line":48,"column":5}},"line":35},"1":{"name":"(anonymous_1)","decl":{"start":{"line":50,"column":4},"end":{"line":50,"column":5}},"loc":{"start":{"line":50,"column":45},"end":{"line":58,"column":5}},"line":50},"2":{"name":"(anonymous_2)","decl":{"start":{"line":60,"column":17},"end":{"line":60,"column":18}},"loc":{"start":{"line":60,"column":23},"end":{"line":67,"column":5}},"line":60},"3":{"name":"(anonymous_3)","decl":{"start":{"line":69,"column":27},"end":{"line":69,"column":28}},"loc":{"start":{"line":70,"column":8},"end":{"line":82,"column":9}},"line":70},"4":{"name":"(anonymous_4)","decl":{"start":{"line":76,"column":29},"end":{"line":76,"column":30}},"loc":{"start":{"line":76,"column":35},"end":{"line":76,"column":64}},"line":76},"5":{"name":"(anonymous_5)","decl":{"start":{"line":79,"column":39},"end":{"line":79,"column":40}},"loc":{"start":{"line":79,"column":45},"end":{"line":79,"column":70}},"line":79},"6":{"name":"(anonymous_6)","decl":{"start":{"line":84,"column":22},"end":{"line":84,"column":23}},"loc":{"start":{"line":85,"column":8},"end":{"line":117,"column":15}},"line":85},"7":{"name":"(anonymous_7)","decl":{"start":{"line":113,"column":30},"end":{"line":113,"column":31}},"loc":{"start":{"line":113,"column":38},"end":{"line":115,"column":17}},"line":113},"8":{"name":"(anonymous_8)","decl":{"start":{"line":120,"column":28},"end":{"line":120,"column":29}},"loc":{"start":{"line":120,"column":43},"end":{"line":147,"column":5}},"line":120},"9":{"name":"(anonymous_9)","decl":{"start":{"line":136,"column":32},"end":{"line":136,"column":33}},"loc":{"start":{"line":136,"column":41},"end":{"line":143,"column":21}},"line":136},"10":{"name":"(anonymous_10)","decl":{"start":{"line":149,"column":23},"end":{"line":149,"column":24}},"loc":{"start":{"line":150,"column":8},"end":{"line":176,"column":15}},"line":150},"11":{"name":"(anonymous_11)","decl":{"start":{"line":174,"column":30},"end":{"line":174,"column":31}},"loc":{"start":{"line":174,"column":40},"end":{"line":174,"column":80}},"line":174},"12":{"name":"(anonymous_12)","decl":{"start":{"line":179,"column":22},"end":{"line":179,"column":23}},"loc":{"start":{"line":179,"column":29},"end":{"line":193,"column":25}},"line":179},"13":{"name":"(anonymous_13)","decl":{"start":{"line":180,"column":17},"end":{"line":180,"column":18}},"loc":{"start":{"line":180,"column":23},"end":{"line":186,"column":9}},"line":180},"14":{"name":"(anonymous_14)","decl":{"start":{"line":195,"column":4},"end":{"line":195,"column":5}},"loc":{"start":{"line":195,"column":13},"end":{"line":220,"column":5}},"line":195},"15":{"name":"(anonymous_15)","decl":{"start":{"line":204,"column":33},"end":{"line":204,"column":34}},"loc":{"start":{"line":204,"column":39},"end":{"line":204,"column":73}},"line":204},"16":{"name":"mapStateToProps","decl":{"start":{"line":247,"column":9},"end":{"line":247,"column":24}},"loc":{"start":{"line":247,"column":32},"end":{"line":251,"column":1}},"line":247}},"branchMap":{"0":{"loc":{"start":{"line":51,"column":8},"end":{"line":57,"column":9}},"type":"if","locations":[{"start":{"line":51,"column":8},"end":{"line":57,"column":9}},{"start":{"line":51,"column":8},"end":{"line":57,"column":9}}],"line":51},"1":{"loc":{"start":{"line":51,"column":12},"end":{"line":51,"column":100}},"type":"binary-expr","locations":[{"start":{"line":51,"column":12},"end":{"line":51,"column":62}},{"start":{"line":51,"column":66},"end":{"line":51,"column":100}}],"line":51},"2":{"loc":{"start":{"line":52,"column":12},"end":{"line":56,"column":13}},"type":"if","locations":[{"start":{"line":52,"column":12},"end":{"line":56,"column":13}},{"start":{"line":52,"column":12},"end":{"line":56,"column":13}}],"line":52},"3":{"loc":{"start":{"line":62,"column":12},"end":{"line":64,"column":13}},"type":"if","locations":[{"start":{"line":62,"column":12},"end":{"line":64,"column":13}},{"start":{"line":62,"column":12},"end":{"line":64,"column":13}}],"line":62},"4":{"loc":{"start":{"line":84,"column":34},"end":{"line":84,"column":52}},"type":"default-arg","locations":[{"start":{"line":84,"column":47},"end":{"line":84,"column":52}}],"line":84},"5":{"loc":{"start":{"line":84,"column":54},"end":{"line":84,"column":78}},"type":"default-arg","locations":[{"start":{"line":84,"column":69},"end":{"line":84,"column":78}}],"line":84},"6":{"loc":{"start":{"line":89,"column":28},"end":{"line":89,"column":71}},"type":"cond-expr","locations":[{"start":{"line":89,"column":63},"end":{"line":89,"column":66}},{"start":{"line":89,"column":69},"end":{"line":89,"column":71}}],"line":89},"7":{"loc":{"start":{"line":123,"column":8},"end":{"line":129,"column":9}},"type":"if","locations":[{"start":{"line":123,"column":8},"end":{"line":129,"column":9}},{"start":{"line":123,"column":8},"end":{"line":129,"column":9}}],"line":123},"8":{"loc":{"start":{"line":126,"column":15},"end":{"line":129,"column":9}},"type":"if","locations":[{"start":{"line":126,"column":15},"end":{"line":129,"column":9}},{"start":{"line":126,"column":15},"end":{"line":129,"column":9}}],"line":126},"9":{"loc":{"start":{"line":138,"column":24},"end":{"line":142,"column":25}},"type":"if","locations":[{"start":{"line":138,"column":24},"end":{"line":142,"column":25}},{"start":{"line":138,"column":24},"end":{"line":142,"column":25}}],"line":138},"10":{"loc":{"start":{"line":140,"column":31},"end":{"line":142,"column":25}},"type":"if","locations":[{"start":{"line":140,"column":31},"end":{"line":142,"column":25}},{"start":{"line":140,"column":31},"end":{"line":142,"column":25}}],"line":140},"11":{"loc":{"start":{"line":181,"column":12},"end":{"line":185,"column":13}},"type":"if","locations":[{"start":{"line":181,"column":12},"end":{"line":185,"column":13}},{"start":{"line":181,"column":12},"end":{"line":185,"column":13}}],"line":181},"12":{"loc":{"start":{"line":214,"column":25},"end":{"line":214,"column":110}},"type":"binary-expr","locations":[{"start":{"line":214,"column":25},"end":{"line":214,"column":58}},{"start":{"line":214,"column":62},"end":{"line":214,"column":110}}],"line":214}},"s":{"0":1,"1":1,"2":1,"3":0,"4":0,"5":0,"6":0,"7":1,"8":0,"9":0,"10":0,"11":0,"12":1,"13":0,"14":0,"15":0,"16":1,"17":4,"18":0,"19":1,"20":2,"21":2,"22":2,"23":1,"24":1,"25":1,"26":1,"27":1,"28":2,"29":0,"30":0,"31":0,"32":0,"33":0,"34":1,"35":1,"36":0,"37":1,"38":1,"39":0,"40":0,"41":0,"42":1,"43":0,"44":1,"45":1},"f":{"0":1,"1":0,"2":0,"3":0,"4":0,"5":0,"6":4,"7":0,"8":2,"9":0,"10":1,"11":0,"12":1,"13":0,"14":1,"15":0,"16":1},"b":{"0":[0,0],"1":[0,0],"2":[0,0],"3":[0,0],"4":[2],"5":[3],"6":[1,3],"7":[1,1],"8":[1,0],"9":[0,0],"10":[0,0],"11":[0,0],"12":[1,0]},"_coverageSchema":"43e27e138ebf9cfc5966b082cf9a028302ed4184","hash":"ed840b7544eec312a246b722781703f3c066cde7"}
,"/Users/bin.gurung/Desktop/Demo/Eduvanz/Assignment_RN/app/Eduvanz/ReportScreen.js": {"path":"/Users/bin.gurung/Desktop/Demo/Eduvanz/Assignment_RN/app/Eduvanz/ReportScreen.js","statementMap":{"0":{"start":{"line":12,"column":23},"end":{"line":18,"column":1}},"1":{"start":{"line":17,"column":28},"end":{"line":17,"column":70}},"2":{"start":{"line":20,"column":33},"end":{"line":25,"column":1}},"3":{"start":{"line":24,"column":28},"end":{"line":24,"column":60}},"4":{"start":{"line":27,"column":26},"end":{"line":33,"column":1}},"5":{"start":{"line":32,"column":28},"end":{"line":32,"column":60}},"6":{"start":{"line":43,"column":8},"end":{"line":43,"column":21}},"7":{"start":{"line":44,"column":8},"end":{"line":49,"column":10}},"8":{"start":{"line":53,"column":8},"end":{"line":53,"column":35}},"9":{"start":{"line":54,"column":8},"end":{"line":54,"column":45}},"10":{"start":{"line":55,"column":8},"end":{"line":55,"column":38}},"11":{"start":{"line":58,"column":20},"end":{"line":71,"column":5}},"12":{"start":{"line":59,"column":22},"end":{"line":59,"column":57}},"13":{"start":{"line":60,"column":22},"end":{"line":60,"column":57}},"14":{"start":{"line":61,"column":22},"end":{"line":61,"column":46}},"15":{"start":{"line":62,"column":21},"end":{"line":69,"column":9}},"16":{"start":{"line":70,"column":8},"end":{"line":70,"column":40}},"17":{"start":{"line":73,"column":23},"end":{"line":86,"column":5}},"18":{"start":{"line":74,"column":22},"end":{"line":74,"column":55}},"19":{"start":{"line":75,"column":22},"end":{"line":75,"column":55}},"20":{"start":{"line":76,"column":22},"end":{"line":76,"column":55}},"21":{"start":{"line":77,"column":21},"end":{"line":84,"column":9}},"22":{"start":{"line":85,"column":8},"end":{"line":85,"column":49}},"23":{"start":{"line":88,"column":30},"end":{"line":108,"column":5}},"24":{"start":{"line":89,"column":22},"end":{"line":89,"column":60}},"25":{"start":{"line":90,"column":22},"end":{"line":90,"column":59}},"26":{"start":{"line":91,"column":21},"end":{"line":106,"column":9}},"27":{"start":{"line":107,"column":8},"end":{"line":107,"column":50}},"28":{"start":{"line":110,"column":21},"end":{"line":125,"column":5}},"29":{"start":{"line":111,"column":8},"end":{"line":111,"column":36}},"30":{"start":{"line":111,"column":24},"end":{"line":111,"column":36}},"31":{"start":{"line":112,"column":28},"end":{"line":112,"column":58}},"32":{"start":{"line":113,"column":8},"end":{"line":124,"column":10}},"33":{"start":{"line":127,"column":21},"end":{"line":141,"column":5}},"34":{"start":{"line":128,"column":8},"end":{"line":128,"column":36}},"35":{"start":{"line":128,"column":24},"end":{"line":128,"column":36}},"36":{"start":{"line":129,"column":28},"end":{"line":129,"column":58}},"37":{"start":{"line":130,"column":8},"end":{"line":140,"column":10}},"38":{"start":{"line":144,"column":22},"end":{"line":157,"column":5}},"39":{"start":{"line":145,"column":8},"end":{"line":145,"column":36}},"40":{"start":{"line":145,"column":24},"end":{"line":145,"column":36}},"41":{"start":{"line":146,"column":28},"end":{"line":146,"column":58}},"42":{"start":{"line":147,"column":8},"end":{"line":156,"column":10}},"43":{"start":{"line":160,"column":8},"end":{"line":180,"column":10}},"44":{"start":{"line":164,"column":39},"end":{"line":164,"column":73}},"45":{"start":{"line":183,"column":15},"end":{"line":217,"column":2}}},"fnMap":{"0":{"name":"(anonymous_0)","decl":{"start":{"line":17,"column":11},"end":{"line":17,"column":12}},"loc":{"start":{"line":17,"column":28},"end":{"line":17,"column":70}},"line":17},"1":{"name":"(anonymous_1)","decl":{"start":{"line":24,"column":11},"end":{"line":24,"column":12}},"loc":{"start":{"line":24,"column":28},"end":{"line":24,"column":60}},"line":24},"2":{"name":"(anonymous_2)","decl":{"start":{"line":32,"column":11},"end":{"line":32,"column":12}},"loc":{"start":{"line":32,"column":28},"end":{"line":32,"column":60}},"line":32},"3":{"name":"(anonymous_3)","decl":{"start":{"line":42,"column":4},"end":{"line":42,"column":5}},"loc":{"start":{"line":42,"column":23},"end":{"line":50,"column":5}},"line":42},"4":{"name":"(anonymous_4)","decl":{"start":{"line":52,"column":4},"end":{"line":52,"column":5}},"loc":{"start":{"line":52,"column":30},"end":{"line":56,"column":5}},"line":52},"5":{"name":"(anonymous_5)","decl":{"start":{"line":58,"column":20},"end":{"line":58,"column":21}},"loc":{"start":{"line":58,"column":32},"end":{"line":71,"column":5}},"line":58},"6":{"name":"(anonymous_6)","decl":{"start":{"line":73,"column":23},"end":{"line":73,"column":24}},"loc":{"start":{"line":73,"column":35},"end":{"line":86,"column":5}},"line":73},"7":{"name":"(anonymous_7)","decl":{"start":{"line":88,"column":30},"end":{"line":88,"column":31}},"loc":{"start":{"line":88,"column":42},"end":{"line":108,"column":5}},"line":88},"8":{"name":"(anonymous_8)","decl":{"start":{"line":110,"column":21},"end":{"line":110,"column":22}},"loc":{"start":{"line":110,"column":49},"end":{"line":125,"column":5}},"line":110},"9":{"name":"(anonymous_9)","decl":{"start":{"line":127,"column":21},"end":{"line":127,"column":22}},"loc":{"start":{"line":127,"column":49},"end":{"line":141,"column":5}},"line":127},"10":{"name":"(anonymous_10)","decl":{"start":{"line":144,"column":22},"end":{"line":144,"column":23}},"loc":{"start":{"line":144,"column":50},"end":{"line":157,"column":5}},"line":144},"11":{"name":"(anonymous_11)","decl":{"start":{"line":159,"column":4},"end":{"line":159,"column":5}},"loc":{"start":{"line":159,"column":13},"end":{"line":181,"column":5}},"line":159},"12":{"name":"(anonymous_12)","decl":{"start":{"line":164,"column":33},"end":{"line":164,"column":34}},"loc":{"start":{"line":164,"column":39},"end":{"line":164,"column":73}},"line":164}},"branchMap":{"0":{"loc":{"start":{"line":17,"column":12},"end":{"line":17,"column":23}},"type":"default-arg","locations":[{"start":{"line":17,"column":22},"end":{"line":17,"column":23}}],"line":17},"1":{"loc":{"start":{"line":24,"column":12},"end":{"line":24,"column":23}},"type":"default-arg","locations":[{"start":{"line":24,"column":22},"end":{"line":24,"column":23}}],"line":24},"2":{"loc":{"start":{"line":32,"column":12},"end":{"line":32,"column":23}},"type":"default-arg","locations":[{"start":{"line":32,"column":22},"end":{"line":32,"column":23}}],"line":32},"3":{"loc":{"start":{"line":111,"column":8},"end":{"line":111,"column":36}},"type":"if","locations":[{"start":{"line":111,"column":8},"end":{"line":111,"column":36}},{"start":{"line":111,"column":8},"end":{"line":111,"column":36}}],"line":111},"4":{"loc":{"start":{"line":128,"column":8},"end":{"line":128,"column":36}},"type":"if","locations":[{"start":{"line":128,"column":8},"end":{"line":128,"column":36}},{"start":{"line":128,"column":8},"end":{"line":128,"column":36}}],"line":128},"5":{"loc":{"start":{"line":145,"column":8},"end":{"line":145,"column":36}},"type":"if","locations":[{"start":{"line":145,"column":8},"end":{"line":145,"column":36}},{"start":{"line":145,"column":8},"end":{"line":145,"column":36}}],"line":145}},"s":{"0":0,"1":0,"2":0,"3":0,"4":0,"5":0,"6":0,"7":0,"8":0,"9":0,"10":0,"11":0,"12":0,"13":0,"14":0,"15":0,"16":0,"17":0,"18":0,"19":0,"20":0,"21":0,"22":0,"23":0,"24":0,"25":0,"26":0,"27":0,"28":0,"29":0,"30":0,"31":0,"32":0,"33":0,"34":0,"35":0,"36":0,"37":0,"38":0,"39":0,"40":0,"41":0,"42":0,"43":0,"44":0,"45":0},"f":{"0":0,"1":0,"2":0,"3":0,"4":0,"5":0,"6":0,"7":0,"8":0,"9":0,"10":0,"11":0,"12":0},"b":{"0":[0],"1":[0],"2":[0],"3":[0,0],"4":[0,0],"5":[0,0]},"hash":"388310f5a20ee59b93063dc6541626e6172cbbab"}
,"/Users/bin.gurung/Desktop/Demo/Eduvanz/Assignment_RN/app/Eduvanz/Component/HamburgerMenu.js": {"path":"/Users/bin.gurung/Desktop/Demo/Eduvanz/Assignment_RN/app/Eduvanz/Component/HamburgerMenu.js","statementMap":{"0":{"start":{"line":7,"column":4},"end":{"line":12,"column":6}},"1":{"start":{"line":10,"column":93},"end":{"line":10,"column":106}}},"fnMap":{"0":{"name":"HamburgerMenu","decl":{"start":{"line":6,"column":24},"end":{"line":6,"column":37}},"loc":{"start":{"line":6,"column":68},"end":{"line":13,"column":1}},"line":6},"1":{"name":"(anonymous_1)","decl":{"start":{"line":10,"column":87},"end":{"line":10,"column":88}},"loc":{"start":{"line":10,"column":93},"end":{"line":10,"column":106}},"line":10}},"branchMap":{},"s":{"0":1,"1":0},"f":{"0":1,"1":0},"b":{},"_coverageSchema":"43e27e138ebf9cfc5966b082cf9a028302ed4184","hash":"1c37625365d2dc732dd91c2300b1f9aa5bb0626d"}
,"/Users/bin.gurung/Desktop/Demo/Eduvanz/Assignment_RN/app/Eduvanz/Component/ListCell.js": {"path":"/Users/bin.gurung/Desktop/Demo/Eduvanz/Assignment_RN/app/Eduvanz/Component/ListCell.js","statementMap":{"0":{"start":{"line":5,"column":2},"end":{"line":40,"column":4}},"1":{"start":{"line":6,"column":39},"end":{"line":6,"column":52}},"2":{"start":{"line":43,"column":15},"end":{"line":61,"column":2}}},"fnMap":{"0":{"name":"ListCell","decl":{"start":{"line":4,"column":24},"end":{"line":4,"column":32}},"loc":{"start":{"line":4,"column":52},"end":{"line":41,"column":1}},"line":4},"1":{"name":"(anonymous_1)","decl":{"start":{"line":6,"column":33},"end":{"line":6,"column":34}},"loc":{"start":{"line":6,"column":39},"end":{"line":6,"column":52}},"line":6}},"branchMap":{},"s":{"0":0,"1":0,"2":0},"f":{"0":0,"1":0},"b":{},"hash":"d59576763217d3be3a5999d99a2efa360dccc64e"}
,"/Users/bin.gurung/Desktop/Demo/Eduvanz/Assignment_RN/app/Redux/store.js": {"path":"/Users/bin.gurung/Desktop/Demo/Eduvanz/Assignment_RN/app/Redux/store.js","statementMap":{"0":{"start":{"line":7,"column":20},"end":{"line":7,"column":42}},"1":{"start":{"line":9,"column":0},"end":{"line":12,"column":1}},"2":{"start":{"line":10,"column":21},"end":{"line":10,"column":44}},"3":{"start":{"line":11,"column":2},"end":{"line":11,"column":27}},"4":{"start":{"line":14,"column":14},"end":{"line":18,"column":1}}},"fnMap":{},"branchMap":{"0":{"loc":{"start":{"line":9,"column":0},"end":{"line":12,"column":1}},"type":"if","locations":[{"start":{"line":9,"column":0},"end":{"line":12,"column":1}},{"start":{"line":9,"column":0},"end":{"line":12,"column":1}}],"line":9}},"s":{"0":0,"1":0,"2":0,"3":0,"4":0},"f":{},"b":{"0":[0,0]},"hash":"299f1cf2313c5b41e6f6180c8cdd26c557e3f99e"}
,"/Users/bin.gurung/Desktop/Demo/Eduvanz/Assignment_RN/app/Redux/Actions/api_action.js": {"path":"/Users/bin.gurung/Desktop/Demo/Eduvanz/Assignment_RN/app/Redux/Actions/api_action.js","statementMap":{"0":{"start":{"line":3,"column":24},"end":{"line":6,"column":2}},"1":{"start":{"line":3,"column":34},"end":{"line":6,"column":1}},"2":{"start":{"line":8,"column":22},"end":{"line":11,"column":2}},"3":{"start":{"line":8,"column":32},"end":{"line":11,"column":1}},"4":{"start":{"line":13,"column":28},"end":{"line":18,"column":2}},"5":{"start":{"line":13,"column":36},"end":{"line":18,"column":1}},"6":{"start":{"line":20,"column":24},"end":{"line":23,"column":2}},"7":{"start":{"line":20,"column":34},"end":{"line":23,"column":1}}},"fnMap":{"0":{"name":"(anonymous_0)","decl":{"start":{"line":3,"column":24},"end":{"line":3,"column":25}},"loc":{"start":{"line":3,"column":34},"end":{"line":6,"column":1}},"line":3},"1":{"name":"(anonymous_1)","decl":{"start":{"line":8,"column":22},"end":{"line":8,"column":23}},"loc":{"start":{"line":8,"column":32},"end":{"line":11,"column":1}},"line":8},"2":{"name":"(anonymous_2)","decl":{"start":{"line":13,"column":28},"end":{"line":13,"column":29}},"loc":{"start":{"line":13,"column":36},"end":{"line":18,"column":1}},"line":13},"3":{"name":"(anonymous_3)","decl":{"start":{"line":20,"column":24},"end":{"line":20,"column":25}},"loc":{"start":{"line":20,"column":34},"end":{"line":23,"column":1}},"line":20}},"branchMap":{},"s":{"0":1,"1":0,"2":1,"3":0,"4":1,"5":0,"6":1,"7":0},"f":{"0":0,"1":0,"2":0,"3":0},"b":{},"_coverageSchema":"43e27e138ebf9cfc5966b082cf9a028302ed4184","hash":"6e3c646175bf28e9211d5cc01762ba4b7d49c8e4"}
,"/Users/bin.gurung/Desktop/Demo/Eduvanz/Assignment_RN/app/Redux/Actions/fetch_action.js": {"path":"/Users/bin.gurung/Desktop/Demo/Eduvanz/Assignment_RN/app/Redux/Actions/fetch_action.js","statementMap":{"0":{"start":{"line":6,"column":16},"end":{"line":6,"column":25}},"1":{"start":{"line":8,"column":28},"end":{"line":11,"column":2}},"2":{"start":{"line":8,"column":55},"end":{"line":11,"column":1}},"3":{"start":{"line":13,"column":28},"end":{"line":16,"column":2}},"4":{"start":{"line":13,"column":52},"end":{"line":16,"column":1}},"5":{"start":{"line":18,"column":28},"end":{"line":43,"column":1}},"6":{"start":{"line":18,"column":43},"end":{"line":43,"column":1}},"7":{"start":{"line":19,"column":2},"end":{"line":21,"column":3}},"8":{"start":{"line":20,"column":4},"end":{"line":20,"column":16}},"9":{"start":{"line":22,"column":26},"end":{"line":22,"column":50}},"10":{"start":{"line":27,"column":6},"end":{"line":27,"column":21}},"11":{"start":{"line":28,"column":2},"end":{"line":28,"column":43}},"12":{"start":{"line":30,"column":2},"end":{"line":42,"column":5}},"13":{"start":{"line":35,"column":29},"end":{"line":35,"column":70}},"14":{"start":{"line":36,"column":26},"end":{"line":36,"column":64}}},"fnMap":{"0":{"name":"(anonymous_0)","decl":{"start":{"line":8,"column":28},"end":{"line":8,"column":29}},"loc":{"start":{"line":8,"column":55},"end":{"line":11,"column":1}},"line":8},"1":{"name":"(anonymous_1)","decl":{"start":{"line":13,"column":28},"end":{"line":13,"column":29}},"loc":{"start":{"line":13,"column":52},"end":{"line":16,"column":1}},"line":13},"2":{"name":"(anonymous_2)","decl":{"start":{"line":18,"column":28},"end":{"line":18,"column":29}},"loc":{"start":{"line":18,"column":43},"end":{"line":43,"column":1}},"line":18},"3":{"name":"(anonymous_3)","decl":{"start":{"line":18,"column":43},"end":{"line":18,"column":44}},"loc":{"start":{"line":18,"column":67},"end":{"line":43,"column":1}},"line":18},"4":{"name":"(anonymous_4)","decl":{"start":{"line":35,"column":17},"end":{"line":35,"column":18}},"loc":{"start":{"line":35,"column":29},"end":{"line":35,"column":70}},"line":35},"5":{"name":"(anonymous_5)","decl":{"start":{"line":36,"column":17},"end":{"line":36,"column":18}},"loc":{"start":{"line":36,"column":26},"end":{"line":36,"column":64}},"line":36}},"branchMap":{"0":{"loc":{"start":{"line":19,"column":2},"end":{"line":21,"column":3}},"type":"if","locations":[{"start":{"line":19,"column":2},"end":{"line":21,"column":3}},{"start":{"line":19,"column":2},"end":{"line":21,"column":3}}],"line":19}},"s":{"0":1,"1":1,"2":0,"3":1,"4":0,"5":1,"6":0,"7":0,"8":0,"9":0,"10":0,"11":0,"12":0,"13":0,"14":0},"f":{"0":0,"1":0,"2":0,"3":0,"4":0,"5":0},"b":{"0":[0,0]},"_coverageSchema":"43e27e138ebf9cfc5966b082cf9a028302ed4184","hash":"b404d7f5e042b47c3c3c1bc09c851773aa701d2d"}
,"/Users/bin.gurung/Desktop/Demo/Eduvanz/Assignment_RN/app/Redux/Actions/Helper/apiKeys.js": {"path":"/Users/bin.gurung/Desktop/Demo/Eduvanz/Assignment_RN/app/Redux/Actions/Helper/apiKeys.js","statementMap":{"0":{"start":{"line":1,"column":23},"end":{"line":3,"column":1}}},"fnMap":{},"branchMap":{},"s":{"0":1},"f":{},"b":{},"_coverageSchema":"43e27e138ebf9cfc5966b082cf9a028302ed4184","hash":"0c2ca56ab1e148602c1474d46a37985a1d8b039e"}
,"/Users/bin.gurung/Desktop/Demo/Eduvanz/Assignment_RN/app/Redux/Actions/Helper/routes.js": {"path":"/Users/bin.gurung/Desktop/Demo/Eduvanz/Assignment_RN/app/Redux/Actions/Helper/routes.js","statementMap":{"0":{"start":{"line":3,"column":29},"end":{"line":11,"column":1}},"1":{"start":{"line":4,"column":2},"end":{"line":10,"column":3}},"2":{"start":{"line":6,"column":6},"end":{"line":6,"column":18}},"3":{"start":{"line":9,"column":6},"end":{"line":9,"column":55}},"4":{"start":{"line":13,"column":30},"end":{"line":19,"column":1}},"5":{"start":{"line":14,"column":18},"end":{"line":17,"column":3}},"6":{"start":{"line":18,"column":2},"end":{"line":18,"column":17}}},"fnMap":{"0":{"name":"(anonymous_0)","decl":{"start":{"line":3,"column":29},"end":{"line":3,"column":30}},"loc":{"start":{"line":3,"column":47},"end":{"line":11,"column":1}},"line":3},"1":{"name":"(anonymous_1)","decl":{"start":{"line":13,"column":30},"end":{"line":13,"column":31}},"loc":{"start":{"line":13,"column":36},"end":{"line":19,"column":1}},"line":13}},"branchMap":{"0":{"loc":{"start":{"line":4,"column":2},"end":{"line":10,"column":3}},"type":"switch","locations":[{"start":{"line":5,"column":4},"end":{"line":7,"column":5}},{"start":{"line":8,"column":4},"end":{"line":9,"column":55}}],"line":4}},"s":{"0":1,"1":0,"2":0,"3":0,"4":1,"5":0,"6":0},"f":{"0":0,"1":0},"b":{"0":[0,0]},"_coverageSchema":"43e27e138ebf9cfc5966b082cf9a028302ed4184","hash":"da2c1db0fdc57c77411dbb384878fc62641f2eaf"}
,"/Users/bin.gurung/Desktop/Demo/Eduvanz/Assignment_RN/app/Redux/Actions/Helper/types.js": {"path":"/Users/bin.gurung/Desktop/Demo/Eduvanz/Assignment_RN/app/Redux/Actions/Helper/types.js","statementMap":{"0":{"start":{"line":1,"column":27},"end":{"line":6,"column":1}},"1":{"start":{"line":8,"column":31},"end":{"line":14,"column":1}}},"fnMap":{},"branchMap":{},"s":{"0":1,"1":1},"f":{},"b":{},"_coverageSchema":"43e27e138ebf9cfc5966b082cf9a028302ed4184","hash":"7912adac220e79ff5ca2f7b830b8d71655715327"}
,"/Users/bin.gurung/Desktop/Demo/Eduvanz/Assignment_RN/app/Redux/Reducers/api_reducer.js": {"path":"/Users/bin.gurung/Desktop/Demo/Eduvanz/Assignment_RN/app/Redux/Reducers/api_reducer.js","statementMap":{"0":{"start":{"line":4,"column":2},"end":{"line":12,"column":3}},"1":{"start":{"line":9,"column":6},"end":{"line":9,"column":36}},"2":{"start":{"line":11,"column":6},"end":{"line":11,"column":19}}},"fnMap":{"0":{"name":"(anonymous_0)","decl":{"start":{"line":3,"column":15},"end":{"line":3,"column":16}},"loc":{"start":{"line":3,"column":44},"end":{"line":13,"column":1}},"line":3}},"branchMap":{"0":{"loc":{"start":{"line":3,"column":24},"end":{"line":3,"column":34}},"type":"default-arg","locations":[{"start":{"line":3,"column":32},"end":{"line":3,"column":34}}],"line":3},"1":{"loc":{"start":{"line":4,"column":2},"end":{"line":12,"column":3}},"type":"switch","locations":[{"start":{"line":5,"column":4},"end":{"line":5,"column":35}},{"start":{"line":6,"column":4},"end":{"line":6,"column":33}},{"start":{"line":7,"column":4},"end":{"line":7,"column":39}},{"start":{"line":8,"column":4},"end":{"line":9,"column":36}},{"start":{"line":10,"column":4},"end":{"line":11,"column":19}}],"line":4}},"s":{"0":0,"1":0,"2":0},"f":{"0":0},"b":{"0":[0],"1":[0,0,0,0,0]},"hash":"4c159fda983c0714ff24e0df4269d76b29cc5407"}
,"/Users/bin.gurung/Desktop/Demo/Eduvanz/Assignment_RN/app/Redux/Reducers/registration.js": {"path":"/Users/bin.gurung/Desktop/Demo/Eduvanz/Assignment_RN/app/Redux/Reducers/registration.js","statementMap":{"0":{"start":{"line":6,"column":28},"end":{"line":6,"column":69}},"1":{"start":{"line":7,"column":4},"end":{"line":9,"column":5}},"2":{"start":{"line":8,"column":8},"end":{"line":8,"column":20}},"3":{"start":{"line":14,"column":8},"end":{"line":14,"column":23}},"4":{"start":{"line":15,"column":4},"end":{"line":51,"column":5}},"5":{"start":{"line":17,"column":23},"end":{"line":17,"column":27}},"6":{"start":{"line":18,"column":12},"end":{"line":20,"column":13}},"7":{"start":{"line":19,"column":16},"end":{"line":19,"column":34}},"8":{"start":{"line":21,"column":12},"end":{"line":26,"column":14}},"9":{"start":{"line":27,"column":12},"end":{"line":27,"column":18}},"10":{"start":{"line":30,"column":12},"end":{"line":35,"column":14}},"11":{"start":{"line":36,"column":12},"end":{"line":36,"column":18}},"12":{"start":{"line":39,"column":33},"end":{"line":39,"column":47}},"13":{"start":{"line":40,"column":12},"end":{"line":45,"column":14}},"14":{"start":{"line":46,"column":12},"end":{"line":46,"column":18}},"15":{"start":{"line":49,"column":12},"end":{"line":49,"column":29}},"16":{"start":{"line":50,"column":12},"end":{"line":50,"column":18}},"17":{"start":{"line":52,"column":4},"end":{"line":52,"column":20}}},"fnMap":{"0":{"name":"(anonymous_0)","decl":{"start":{"line":4,"column":15},"end":{"line":4,"column":16}},"loc":{"start":{"line":4,"column":88},"end":{"line":53,"column":1}},"line":4}},"branchMap":{"0":{"loc":{"start":{"line":4,"column":25},"end":{"line":4,"column":78}},"type":"default-arg","locations":[{"start":{"line":4,"column":33},"end":{"line":4,"column":78}}],"line":4},"1":{"loc":{"start":{"line":7,"column":4},"end":{"line":9,"column":5}},"type":"if","locations":[{"start":{"line":7,"column":4},"end":{"line":9,"column":5}},{"start":{"line":7,"column":4},"end":{"line":9,"column":5}}],"line":7},"2":{"loc":{"start":{"line":15,"column":4},"end":{"line":51,"column":5}},"type":"switch","locations":[{"start":{"line":16,"column":8},"end":{"line":28,"column":9}},{"start":{"line":29,"column":8},"end":{"line":37,"column":9}},{"start":{"line":38,"column":8},"end":{"line":47,"column":9}},{"start":{"line":48,"column":8},"end":{"line":50,"column":18}}],"line":15},"3":{"loc":{"start":{"line":18,"column":12},"end":{"line":20,"column":13}},"type":"if","locations":[{"start":{"line":18,"column":12},"end":{"line":20,"column":13}},{"start":{"line":18,"column":12},"end":{"line":20,"column":13}}],"line":18},"4":{"loc":{"start":{"line":18,"column":16},"end":{"line":18,"column":35}},"type":"binary-expr","locations":[{"start":{"line":18,"column":16},"end":{"line":18,"column":21}},{"start":{"line":18,"column":25},"end":{"line":18,"column":35}}],"line":18}},"s":{"0":0,"1":0,"2":0,"3":0,"4":0,"5":0,"6":0,"7":0,"8":0,"9":0,"10":0,"11":0,"12":0,"13":0,"14":0,"15":0,"16":0,"17":0},"f":{"0":0},"b":{"0":[0],"1":[0,0],"2":[0,0,0,0],"3":[0,0],"4":[0,0]},"hash":"a8963ceca7ac78838cb6f3faad2dc8e35de7484c"}
,"/Users/bin.gurung/Desktop/Demo/Eduvanz/Assignment_RN/app/Redux/middleware/api.js": {"path":"/Users/bin.gurung/Desktop/Demo/Eduvanz/Assignment_RN/app/Redux/middleware/api.js","statementMap":{"0":{"start":{"line":8,"column":0},"end":{"line":9,"column":47}},"1":{"start":{"line":11,"column":22},"end":{"line":67,"column":1}},"2":{"start":{"line":11,"column":40},"end":{"line":67,"column":1}},"3":{"start":{"line":11,"column":48},"end":{"line":67,"column":1}},"4":{"start":{"line":12,"column":2},"end":{"line":12,"column":15}},"5":{"start":{"line":14,"column":2},"end":{"line":16,"column":3}},"6":{"start":{"line":15,"column":4},"end":{"line":15,"column":11}},"7":{"start":{"line":27,"column":6},"end":{"line":27,"column":20}},"8":{"start":{"line":28,"column":23},"end":{"line":28,"column":77}},"9":{"start":{"line":30,"column":2},"end":{"line":32,"column":3}},"10":{"start":{"line":31,"column":4},"end":{"line":31,"column":30}},"11":{"start":{"line":33,"column":2},"end":{"line":66,"column":7}},"12":{"start":{"line":41,"column":6},"end":{"line":49,"column":7}},"13":{"start":{"line":45,"column":8},"end":{"line":45,"column":37}},"14":{"start":{"line":46,"column":8},"end":{"line":46,"column":38}},"15":{"start":{"line":48,"column":8},"end":{"line":48,"column":38}},"16":{"start":{"line":52,"column":6},"end":{"line":52,"column":32}},"17":{"start":{"line":53,"column":6},"end":{"line":53,"column":33}},"18":{"start":{"line":55,"column":6},"end":{"line":60,"column":7}},"19":{"start":{"line":59,"column":8},"end":{"line":59,"column":57}},"20":{"start":{"line":63,"column":6},"end":{"line":65,"column":7}},"21":{"start":{"line":64,"column":8},"end":{"line":64,"column":32}}},"fnMap":{"0":{"name":"(anonymous_0)","decl":{"start":{"line":11,"column":22},"end":{"line":11,"column":23}},"loc":{"start":{"line":11,"column":40},"end":{"line":67,"column":1}},"line":11},"1":{"name":"(anonymous_1)","decl":{"start":{"line":11,"column":40},"end":{"line":11,"column":41}},"loc":{"start":{"line":11,"column":48},"end":{"line":67,"column":1}},"line":11},"2":{"name":"(anonymous_2)","decl":{"start":{"line":11,"column":48},"end":{"line":11,"column":49}},"loc":{"start":{"line":11,"column":58},"end":{"line":67,"column":1}},"line":11},"3":{"name":"(anonymous_3)","decl":{"start":{"line":40,"column":10},"end":{"line":40,"column":11}},"loc":{"start":{"line":40,"column":22},"end":{"line":50,"column":5}},"line":40},"4":{"name":"(anonymous_4)","decl":{"start":{"line":51,"column":11},"end":{"line":51,"column":12}},"loc":{"start":{"line":51,"column":20},"end":{"line":61,"column":5}},"line":51},"5":{"name":"(anonymous_5)","decl":{"start":{"line":62,"column":13},"end":{"line":62,"column":14}},"loc":{"start":{"line":62,"column":19},"end":{"line":66,"column":5}},"line":62}},"branchMap":{"0":{"loc":{"start":{"line":9,"column":2},"end":{"line":9,"column":46}},"type":"cond-expr","locations":[{"start":{"line":9,"column":26},"end":{"line":9,"column":34}},{"start":{"line":9,"column":37},"end":{"line":9,"column":46}}],"line":9},"1":{"loc":{"start":{"line":14,"column":2},"end":{"line":16,"column":3}},"type":"if","locations":[{"start":{"line":14,"column":2},"end":{"line":16,"column":3}},{"start":{"line":14,"column":2},"end":{"line":16,"column":3}}],"line":14},"2":{"loc":{"start":{"line":25,"column":4},"end":{"line":25,"column":18}},"type":"default-arg","locations":[{"start":{"line":25,"column":13},"end":{"line":25,"column":18}}],"line":25},"3":{"loc":{"start":{"line":26,"column":4},"end":{"line":26,"column":23}},"type":"default-arg","locations":[{"start":{"line":26,"column":14},"end":{"line":26,"column":23}}],"line":26},"4":{"loc":{"start":{"line":28,"column":23},"end":{"line":28,"column":77}},"type":"cond-expr","locations":[{"start":{"line":28,"column":60},"end":{"line":28,"column":68}},{"start":{"line":28,"column":71},"end":{"line":28,"column":77}}],"line":28},"5":{"loc":{"start":{"line":30,"column":2},"end":{"line":32,"column":3}},"type":"if","locations":[{"start":{"line":30,"column":2},"end":{"line":32,"column":3}},{"start":{"line":30,"column":2},"end":{"line":32,"column":3}}],"line":30},"6":{"loc":{"start":{"line":41,"column":6},"end":{"line":49,"column":7}},"type":"if","locations":[{"start":{"line":41,"column":6},"end":{"line":49,"column":7}},{"start":{"line":41,"column":6},"end":{"line":49,"column":7}}],"line":41},"7":{"loc":{"start":{"line":42,"column":8},"end":{"line":43,"column":51}},"type":"binary-expr","locations":[{"start":{"line":42,"column":8},"end":{"line":42,"column":49}},{"start":{"line":43,"column":8},"end":{"line":43,"column":51}}],"line":42},"8":{"loc":{"start":{"line":55,"column":6},"end":{"line":60,"column":7}},"type":"if","locations":[{"start":{"line":55,"column":6},"end":{"line":60,"column":7}},{"start":{"line":55,"column":6},"end":{"line":60,"column":7}}],"line":55},"9":{"loc":{"start":{"line":56,"column":8},"end":{"line":57,"column":58}},"type":"binary-expr","locations":[{"start":{"line":56,"column":8},"end":{"line":56,"column":22}},{"start":{"line":57,"column":8},"end":{"line":57,"column":58}}],"line":56},"10":{"loc":{"start":{"line":63,"column":6},"end":{"line":65,"column":7}},"type":"if","locations":[{"start":{"line":63,"column":6},"end":{"line":65,"column":7}},{"start":{"line":63,"column":6},"end":{"line":65,"column":7}}],"line":63}},"s":{"0":0,"1":0,"2":0,"3":0,"4":0,"5":0,"6":0,"7":0,"8":0,"9":0,"10":0,"11":0,"12":0,"13":0,"14":0,"15":0,"16":0,"17":0,"18":0,"19":0,"20":0,"21":0},"f":{"0":0,"1":0,"2":0,"3":0,"4":0,"5":0},"b":{"0":[0,0],"1":[0,0],"2":[0],"3":[0],"4":[0,0],"5":[0,0],"6":[0,0],"7":[0,0],"8":[0,0],"9":[0,0],"10":[0,0]},"hash":"5c8f7839543f7306cce9a89607580a81ca5d67df"}
,"/Users/bin.gurung/Desktop/Demo/Eduvanz/Assignment_RN/app/Redux/middleware/errorCodes.js": {"path":"/Users/bin.gurung/Desktop/Demo/Eduvanz/Assignment_RN/app/Redux/middleware/errorCodes.js","statementMap":{"0":{"start":{"line":1,"column":26},"end":{"line":8,"column":1}}},"fnMap":{},"branchMap":{},"s":{"0":0},"f":{},"b":{},"hash":"975088a2448a51243b8dcdb9d72faa51ef467231"}
,"/Users/bin.gurung/Desktop/Demo/Eduvanz/Assignment_RN/app/Utilities/DeviceUtils.js": {"path":"/Users/bin.gurung/Desktop/Demo/Eduvanz/Assignment_RN/app/Utilities/DeviceUtils.js","statementMap":{"0":{"start":{"line":3,"column":36},"end":{"line":8,"column":1}},"1":{"start":{"line":4,"column":21},"end":{"line":4,"column":45}},"2":{"start":{"line":5,"column":26},"end":{"line":5,"column":36}},"3":{"start":{"line":7,"column":2},"end":{"line":7,"column":64}},"4":{"start":{"line":10,"column":31},"end":{"line":17,"column":1}},"5":{"start":{"line":11,"column":2},"end":{"line":15,"column":3}},"6":{"start":{"line":12,"column":4},"end":{"line":12,"column":13}},"7":{"start":{"line":13,"column":9},"end":{"line":15,"column":3}},"8":{"start":{"line":14,"column":4},"end":{"line":14,"column":14}},"9":{"start":{"line":16,"column":2},"end":{"line":16,"column":12}}},"fnMap":{"0":{"name":"(anonymous_0)","decl":{"start":{"line":3,"column":36},"end":{"line":3,"column":37}},"loc":{"start":{"line":3,"column":42},"end":{"line":8,"column":1}},"line":3},"1":{"name":"(anonymous_1)","decl":{"start":{"line":10,"column":31},"end":{"line":10,"column":32}},"loc":{"start":{"line":10,"column":37},"end":{"line":17,"column":1}},"line":10}},"branchMap":{"0":{"loc":{"start":{"line":7,"column":9},"end":{"line":7,"column":63}},"type":"binary-expr","locations":[{"start":{"line":7,"column":9},"end":{"line":7,"column":30}},{"start":{"line":7,"column":35},"end":{"line":7,"column":47}},{"start":{"line":7,"column":51},"end":{"line":7,"column":62}}],"line":7},"1":{"loc":{"start":{"line":11,"column":2},"end":{"line":15,"column":3}},"type":"if","locations":[{"start":{"line":11,"column":2},"end":{"line":15,"column":3}},{"start":{"line":11,"column":2},"end":{"line":15,"column":3}}],"line":11},"2":{"loc":{"start":{"line":13,"column":9},"end":{"line":15,"column":3}},"type":"if","locations":[{"start":{"line":13,"column":9},"end":{"line":15,"column":3}},{"start":{"line":13,"column":9},"end":{"line":15,"column":3}}],"line":13}},"s":{"0":0,"1":0,"2":0,"3":0,"4":0,"5":0,"6":0,"7":0,"8":0,"9":0},"f":{"0":0,"1":0},"b":{"0":[0,0,0],"1":[0,0],"2":[0,0]},"hash":"9ac62767827d5fb429167b5ec8f21e46d9b78ed7"}
}
