TN:
SF:/Users/bin.gurung/Desktop/Demo/Eduvanz/Assignment_RN/App.js
FN:11,(anonymous_0)
FN:18,(anonymous_1)
FN:25,(anonymous_2)
FN:28,(anonymous_3)
FN:33,(anonymous_4)
FN:36,(anonymous_5)
FN:41,(anonymous_6)
FNF:7
FNH:0
FNDA:0,(anonymous_0)
FNDA:0,(anonymous_1)
FNDA:0,(anonymous_2)
FNDA:0,(anonymous_3)
FNDA:0,(anonymous_4)
FNDA:0,(anonymous_5)
FNDA:0,(anonymous_6)
DA:12,0
DA:13,0
DA:19,0
DA:25,0
DA:28,0
DA:32,0
DA:34,0
DA:37,0
DA:42,0
LF:9
LH:0
BRF:0
BRH:0
end_of_record
TN:
SF:/Users/bin.gurung/Desktop/Demo/Eduvanz/Assignment_RN/app/Eduvanz/AppStackNavigator.js
FN:13,AppStackNavigator
FNF:1
FNH:0
FNDA:0,AppStackNavigator
DA:11,0
DA:14,0
LF:2
LH:0
BRDA:25,0,0,0
BRDA:25,0,1,0
BRDA:29,1,0,0
BRDA:29,1,1,0
BRF:4
BRH:0
end_of_record
TN:
SF:/Users/bin.gurung/Desktop/Demo/Eduvanz/Assignment_RN/app/Eduvanz/DetailModelScreen.js
FN:10,(anonymous_0)
FN:12,(anonymous_1)
FN:71,(anonymous_2)
FN:78,(anonymous_3)
FNF:4
FNH:0
FNDA:0,(anonymous_0)
FNDA:0,(anonymous_1)
FNDA:0,(anonymous_2)
FNDA:0,(anonymous_3)
DA:10,0
DA:12,0
DA:13,0
DA:65,0
DA:79,0
DA:91,0
LF:6
LH:0
BRF:0
BRH:0
end_of_record
TN:
SF:/Users/bin.gurung/Desktop/Demo/Eduvanz/Assignment_RN/app/Eduvanz/ListScreen.js
FN:12,(anonymous_0)
FN:31,(anonymous_1)
FN:38,(anonymous_2)
FN:41,(anonymous_3)
FN:45,(anonymous_4)
FN:51,(anonymous_5)
FN:68,(anonymous_6)
FN:72,(anonymous_7)
FN:82,(anonymous_8)
FN:90,(anonymous_9)
FN:93,(anonymous_10)
FN:98,(anonymous_11)
FN:108,(anonymous_12)
FN:111,(anonymous_13)
FN:115,(anonymous_14)
FN:120,(anonymous_15)
FNF:16
FNH:0
FNDA:0,(anonymous_0)
FNDA:0,(anonymous_1)
FNDA:0,(anonymous_2)
FNDA:0,(anonymous_3)
FNDA:0,(anonymous_4)
FNDA:0,(anonymous_5)
FNDA:0,(anonymous_6)
FNDA:0,(anonymous_7)
FNDA:0,(anonymous_8)
FNDA:0,(anonymous_9)
FNDA:0,(anonymous_10)
FNDA:0,(anonymous_11)
FNDA:0,(anonymous_12)
FNDA:0,(anonymous_13)
FNDA:0,(anonymous_14)
FNDA:0,(anonymous_15)
DA:13,0
DA:14,0
DA:22,0
DA:25,0
DA:38,0
DA:39,0
DA:40,0
DA:42,0
DA:43,0
DA:46,0
DA:47,0
DA:52,0
DA:69,0
DA:70,0
DA:72,0
DA:73,0
DA:82,0
DA:83,0
DA:84,0
DA:85,0
DA:91,0
DA:94,0
DA:98,0
DA:104,0
DA:108,0
DA:109,0
DA:111,0
DA:116,0
DA:120,0
DA:131,0
LF:30
LH:0
BRDA:69,0,0,0
BRDA:69,0,1,0
BRDA:84,1,0,0
BRDA:84,1,1,0
BRDA:84,2,0,0
BRDA:84,2,1,0
BRDA:123,3,0,0
BRDA:123,3,1,0
BRDA:126,4,0,0
BRDA:126,4,1,0
BRF:10
BRH:0
end_of_record
TN:
SF:/Users/bin.gurung/Desktop/Demo/Eduvanz/Assignment_RN/app/Eduvanz/RegistrationScreen.js
FN:35,(anonymous_0)
FN:50,(anonymous_1)
FN:60,(anonymous_2)
FN:69,(anonymous_3)
FN:76,(anonymous_4)
FN:79,(anonymous_5)
FN:84,(anonymous_6)
FN:113,(anonymous_7)
FN:120,(anonymous_8)
FN:136,(anonymous_9)
FN:149,(anonymous_10)
FN:174,(anonymous_11)
FN:179,(anonymous_12)
FN:180,(anonymous_13)
FN:195,(anonymous_14)
FN:204,(anonymous_15)
FN:247,mapStateToProps
FNF:17
FNH:7
FNDA:1,(anonymous_0)
FNDA:0,(anonymous_1)
FNDA:0,(anonymous_2)
FNDA:0,(anonymous_3)
FNDA:0,(anonymous_4)
FNDA:0,(anonymous_5)
FNDA:4,(anonymous_6)
FNDA:0,(anonymous_7)
FNDA:2,(anonymous_8)
FNDA:0,(anonymous_9)
FNDA:1,(anonymous_10)
FNDA:0,(anonymous_11)
FNDA:1,(anonymous_12)
FNDA:0,(anonymous_13)
FNDA:1,(anonymous_14)
FNDA:0,(anonymous_15)
FNDA:1,mapStateToProps
DA:23,1
DA:36,1
DA:37,1
DA:51,0
DA:52,0
DA:53,0
DA:55,0
DA:60,1
DA:61,0
DA:62,0
DA:63,0
DA:66,0
DA:69,1
DA:70,0
DA:76,0
DA:79,0
DA:84,1
DA:85,4
DA:114,0
DA:120,1
DA:121,2
DA:122,2
DA:123,2
DA:124,1
DA:125,1
DA:126,1
DA:127,1
DA:128,1
DA:130,2
DA:137,0
DA:138,0
DA:139,0
DA:140,0
DA:141,0
DA:149,1
DA:150,1
DA:174,0
DA:179,1
DA:181,0
DA:182,0
DA:184,0
DA:196,1
DA:204,0
DA:222,1
DA:248,1
LF:45
LH:23
BRDA:51,0,0,0
BRDA:51,0,1,0
BRDA:51,1,0,0
BRDA:51,1,1,0
BRDA:52,2,0,0
BRDA:52,2,1,0
BRDA:62,3,0,0
BRDA:62,3,1,0
BRDA:84,4,0,2
BRDA:84,5,0,3
BRDA:89,6,0,1
BRDA:89,6,1,3
BRDA:123,7,0,1
BRDA:123,7,1,1
BRDA:126,8,0,1
BRDA:126,8,1,0
BRDA:138,9,0,0
BRDA:138,9,1,0
BRDA:140,10,0,0
BRDA:140,10,1,0
BRDA:181,11,0,0
BRDA:181,11,1,0
BRDA:214,12,0,1
BRDA:214,12,1,0
BRF:24
BRH:8
end_of_record
TN:
SF:/Users/bin.gurung/Desktop/Demo/Eduvanz/Assignment_RN/app/Eduvanz/ReportScreen.js
FN:17,(anonymous_0)
FN:24,(anonymous_1)
FN:32,(anonymous_2)
FN:42,(anonymous_3)
FN:52,(anonymous_4)
FN:58,(anonymous_5)
FN:73,(anonymous_6)
FN:88,(anonymous_7)
FN:110,(anonymous_8)
FN:127,(anonymous_9)
FN:144,(anonymous_10)
FN:159,(anonymous_11)
FN:164,(anonymous_12)
FNF:13
FNH:0
FNDA:0,(anonymous_0)
FNDA:0,(anonymous_1)
FNDA:0,(anonymous_2)
FNDA:0,(anonymous_3)
FNDA:0,(anonymous_4)
FNDA:0,(anonymous_5)
FNDA:0,(anonymous_6)
FNDA:0,(anonymous_7)
FNDA:0,(anonymous_8)
FNDA:0,(anonymous_9)
FNDA:0,(anonymous_10)
FNDA:0,(anonymous_11)
FNDA:0,(anonymous_12)
DA:12,0
DA:17,0
DA:20,0
DA:24,0
DA:27,0
DA:32,0
DA:43,0
DA:44,0
DA:53,0
DA:54,0
DA:55,0
DA:58,0
DA:59,0
DA:60,0
DA:61,0
DA:62,0
DA:70,0
DA:73,0
DA:74,0
DA:75,0
DA:76,0
DA:77,0
DA:85,0
DA:88,0
DA:89,0
DA:90,0
DA:91,0
DA:107,0
DA:110,0
DA:111,0
DA:112,0
DA:113,0
DA:127,0
DA:128,0
DA:129,0
DA:130,0
DA:144,0
DA:145,0
DA:146,0
DA:147,0
DA:160,0
DA:164,0
DA:183,0
LF:43
LH:0
BRDA:17,0,0,0
BRDA:24,1,0,0
BRDA:32,2,0,0
BRDA:111,3,0,0
BRDA:111,3,1,0
BRDA:128,4,0,0
BRDA:128,4,1,0
BRDA:145,5,0,0
BRDA:145,5,1,0
BRF:9
BRH:0
end_of_record
TN:
SF:/Users/bin.gurung/Desktop/Demo/Eduvanz/Assignment_RN/app/Eduvanz/Component/HamburgerMenu.js
FN:6,HamburgerMenu
FN:10,(anonymous_1)
FNF:2
FNH:1
FNDA:1,HamburgerMenu
FNDA:0,(anonymous_1)
DA:7,1
DA:10,0
LF:2
LH:1
BRF:0
BRH:0
end_of_record
TN:
SF:/Users/bin.gurung/Desktop/Demo/Eduvanz/Assignment_RN/app/Eduvanz/Component/ListCell.js
FN:4,ListCell
FN:6,(anonymous_1)
FNF:2
FNH:0
FNDA:0,ListCell
FNDA:0,(anonymous_1)
DA:5,0
DA:6,0
DA:43,0
LF:3
LH:0
BRF:0
BRH:0
end_of_record
TN:
SF:/Users/bin.gurung/Desktop/Demo/Eduvanz/Assignment_RN/app/Redux/store.js
FNF:0
FNH:0
DA:7,0
DA:9,0
DA:10,0
DA:11,0
DA:14,0
LF:5
LH:0
BRDA:9,0,0,0
BRDA:9,0,1,0
BRF:2
BRH:0
end_of_record
TN:
SF:/Users/bin.gurung/Desktop/Demo/Eduvanz/Assignment_RN/app/Redux/Actions/api_action.js
FN:3,(anonymous_0)
FN:8,(anonymous_1)
FN:13,(anonymous_2)
FN:20,(anonymous_3)
FNF:4
FNH:0
FNDA:0,(anonymous_0)
FNDA:0,(anonymous_1)
FNDA:0,(anonymous_2)
FNDA:0,(anonymous_3)
DA:3,1
DA:8,1
DA:13,1
DA:20,1
LF:4
LH:4
BRF:0
BRH:0
end_of_record
TN:
SF:/Users/bin.gurung/Desktop/Demo/Eduvanz/Assignment_RN/app/Redux/Actions/fetch_action.js
FN:8,(anonymous_0)
FN:13,(anonymous_1)
FN:18,(anonymous_2)
FN:18,(anonymous_3)
FN:35,(anonymous_4)
FN:36,(anonymous_5)
FNF:6
FNH:0
FNDA:0,(anonymous_0)
FNDA:0,(anonymous_1)
FNDA:0,(anonymous_2)
FNDA:0,(anonymous_3)
FNDA:0,(anonymous_4)
FNDA:0,(anonymous_5)
DA:6,1
DA:8,1
DA:13,1
DA:18,1
DA:19,0
DA:20,0
DA:22,0
DA:27,0
DA:28,0
DA:30,0
DA:35,0
DA:36,0
LF:12
LH:4
BRDA:19,0,0,0
BRDA:19,0,1,0
BRF:2
BRH:0
end_of_record
TN:
SF:/Users/bin.gurung/Desktop/Demo/Eduvanz/Assignment_RN/app/Redux/Actions/Helper/apiKeys.js
FNF:0
FNH:0
DA:1,1
LF:1
LH:1
BRF:0
BRH:0
end_of_record
TN:
SF:/Users/bin.gurung/Desktop/Demo/Eduvanz/Assignment_RN/app/Redux/Actions/Helper/routes.js
FN:3,(anonymous_0)
FN:13,(anonymous_1)
FNF:2
FNH:0
FNDA:0,(anonymous_0)
FNDA:0,(anonymous_1)
DA:3,1
DA:4,0
DA:6,0
DA:9,0
DA:13,1
DA:14,0
DA:18,0
LF:7
LH:2
BRDA:4,0,0,0
BRDA:4,0,1,0
BRF:2
BRH:0
end_of_record
TN:
SF:/Users/bin.gurung/Desktop/Demo/Eduvanz/Assignment_RN/app/Redux/Actions/Helper/types.js
FNF:0
FNH:0
DA:1,1
DA:8,1
LF:2
LH:2
BRF:0
BRH:0
end_of_record
TN:
SF:/Users/bin.gurung/Desktop/Demo/Eduvanz/Assignment_RN/app/Redux/Reducers/api_reducer.js
FN:3,(anonymous_0)
FNF:1
FNH:0
FNDA:0,(anonymous_0)
DA:4,0
DA:9,0
DA:11,0
LF:3
LH:0
BRDA:3,0,0,0
BRDA:4,1,0,0
BRDA:4,1,1,0
BRDA:4,1,2,0
BRDA:4,1,3,0
BRDA:4,1,4,0
BRF:6
BRH:0
end_of_record
TN:
SF:/Users/bin.gurung/Desktop/Demo/Eduvanz/Assignment_RN/app/Redux/Reducers/registration.js
FN:4,(anonymous_0)
FNF:1
FNH:0
FNDA:0,(anonymous_0)
DA:6,0
DA:7,0
DA:8,0
DA:14,0
DA:15,0
DA:17,0
DA:18,0
DA:19,0
DA:21,0
DA:27,0
DA:30,0
DA:36,0
DA:39,0
DA:40,0
DA:46,0
DA:49,0
DA:50,0
DA:52,0
LF:18
LH:0
BRDA:4,0,0,0
BRDA:7,1,0,0
BRDA:7,1,1,0
BRDA:15,2,0,0
BRDA:15,2,1,0
BRDA:15,2,2,0
BRDA:15,2,3,0
BRDA:18,3,0,0
BRDA:18,3,1,0
BRDA:18,4,0,0
BRDA:18,4,1,0
BRF:11
BRH:0
end_of_record
TN:
SF:/Users/bin.gurung/Desktop/Demo/Eduvanz/Assignment_RN/app/Redux/middleware/api.js
FN:11,(anonymous_0)
FN:11,(anonymous_1)
FN:11,(anonymous_2)
FN:40,(anonymous_3)
FN:51,(anonymous_4)
FN:62,(anonymous_5)
FNF:6
FNH:0
FNDA:0,(anonymous_0)
FNDA:0,(anonymous_1)
FNDA:0,(anonymous_2)
FNDA:0,(anonymous_3)
FNDA:0,(anonymous_4)
FNDA:0,(anonymous_5)
DA:8,0
DA:11,0
DA:12,0
DA:14,0
DA:15,0
DA:27,0
DA:28,0
DA:30,0
DA:31,0
DA:33,0
DA:41,0
DA:45,0
DA:46,0
DA:48,0
DA:52,0
DA:53,0
DA:55,0
DA:59,0
DA:63,0
DA:64,0
LF:20
LH:0
BRDA:9,0,0,0
BRDA:9,0,1,0
BRDA:14,1,0,0
BRDA:14,1,1,0
BRDA:25,2,0,0
BRDA:26,3,0,0
BRDA:28,4,0,0
BRDA:28,4,1,0
BRDA:30,5,0,0
BRDA:30,5,1,0
BRDA:41,6,0,0
BRDA:41,6,1,0
BRDA:42,7,0,0
BRDA:42,7,1,0
BRDA:55,8,0,0
BRDA:55,8,1,0
BRDA:56,9,0,0
BRDA:56,9,1,0
BRDA:63,10,0,0
BRDA:63,10,1,0
BRF:20
BRH:0
end_of_record
TN:
SF:/Users/bin.gurung/Desktop/Demo/Eduvanz/Assignment_RN/app/Redux/middleware/errorCodes.js
FNF:0
FNH:0
DA:1,0
LF:1
LH:0
BRF:0
BRH:0
end_of_record
TN:
SF:/Users/bin.gurung/Desktop/Demo/Eduvanz/Assignment_RN/app/Utilities/DeviceUtils.js
FN:3,(anonymous_0)
FN:10,(anonymous_1)
FNF:2
FNH:0
FNDA:0,(anonymous_0)
FNDA:0,(anonymous_1)
DA:3,0
DA:4,0
DA:5,0
DA:7,0
DA:10,0
DA:11,0
DA:12,0
DA:13,0
DA:14,0
DA:16,0
LF:10
LH:0
BRDA:7,0,0,0
BRDA:7,0,1,0
BRDA:7,0,2,0
BRDA:11,1,0,0
BRDA:11,1,1,0
BRDA:13,2,0,0
BRDA:13,2,1,0
BRF:7
BRH:0
end_of_record
